Cli_11
Cli_17
Cli_25
Cli_28
Cli_40
Cli_8
Codec_10
Codec_16
Codec_17
Codec_18
Codec_3
Codec_4
Codec_7
Codec_9
Collections_26
Compress_1
Compress_19
Compress_25
Compress_38
Csv_1
Csv_11
Csv_12
JacksonCore_11
JacksonCore_26
JacksonCore_5
JacksonCore_8
JacksonDatabind_1
JacksonDatabind_107
JacksonDatabind_16
JacksonDatabind_17
JacksonDatabind_27
JacksonDatabind_34
JacksonDatabind_37
JacksonDatabind_57
JacksonDatabind_70
JacksonDatabind_71
JacksonDatabind_82
JacksonDatabind_96
JacksonDatabind_97
JacksonDatabind_99
JacksonXml_5
Jsoup_15
Jsoup_17
Jsoup_2
Jsoup_24
Jsoup_25
Jsoup_26
Jsoup_32
Jsoup_33
Jsoup_35
Jsoup_37
Jsoup_39
Jsoup_40
Jsoup_41
Jsoup_43
Jsoup_45
Jsoup_46
Jsoup_47
Jsoup_49
Jsoup_54
Jsoup_55
Jsoup_57
Jsoup_61
Jsoup_62
Jsoup_64
Jsoup_76
Jsoup_77
Jsoup_88
Jsoup_9
Jsoup_93
JxPath_10